  Boneco.cpp
  Generating Code...
  Compiling...
  Principal.cpp
c:\users\doubl\desktop\projeto onariman\onariman\onariman\principal.cpp(70): warning C4244: '=': conversion from 'float' to 'int', possible loss of data
c:\users\doubl\desktop\projeto onariman\onariman\onariman\principal.cpp(80): warning C4244: '=': conversion from 'float' to 'int', possible loss of data
c:\users\doubl\desktop\projeto onariman\onariman\onariman\principal.cpp(89): warning C4244: '=': conversion from 'float' to 'int', possible loss of data
c:\users\doubl\desktop\projeto onariman\onariman\onariman\principal.cpp(98): warning C4244: '=': conversion from 'float' to 'int', possible loss of data
c:\users\doubl\desktop\projeto onariman\onariman\onariman\principal.cpp(200): warning C4996: 'sf::Text::setColor': was declared deprecated
  c:\users\doubl\desktop\projeto onariman\external libraries\sfml\include\sfml\graphics\text.hpp(210): note: see declaration of 'sf::Text::setColor'
  Posicionador.cpp
  PacMan.cpp
c:\users\doubl\desktop\projeto onariman\onariman\onariman\pacman.cpp(40): warning C4244: 'argument': conversion from 'float' to 'int', possible loss of data
c:\users\doubl\desktop\projeto onariman\onariman\onariman\pacman.cpp(41): warning C4244: 'argument': conversion from 'float' to 'int', possible loss of data
c:\users\doubl\desktop\projeto onariman\onariman\onariman\pacman.cpp(77): warning C4244: 'argument': conversion from 'int' to 'float', possible loss of data
c:\users\doubl\desktop\projeto onariman\onariman\onariman\pacman.cpp(83): warning C4244: 'argument': conversion from 'int' to 'float', possible loss of data
c:\users\doubl\desktop\projeto onariman\onariman\onariman\pacman.cpp(92): warning C4244: 'argument': conversion from 'int' to 'float', possible loss of data
c:\users\doubl\desktop\projeto onariman\onariman\onariman\pacman.cpp(93): warning C4244: 'argument': conversion from 'int' to 'float', possible loss of data
c:\users\doubl\desktop\projeto onariman\onariman\onariman\pacman.cpp(99): warning C4244: 'argument': conversion from 'int' to 'float', possible loss of data
  Menu.cpp
c:\users\doubl\desktop\projeto onariman\onariman\onariman\menu.cpp(16): warning C4996: 'sf::Text::setColor': was declared deprecated
  c:\users\doubl\desktop\projeto onariman\external libraries\sfml\include\sfml\graphics\text.hpp(210): note: see declaration of 'sf::Text::setColor'
c:\users\doubl\desktop\projeto onariman\onariman\onariman\menu.cpp(27): warning C4996: 'sf::Text::setColor': was declared deprecated
  c:\users\doubl\desktop\projeto onariman\external libraries\sfml\include\sfml\graphics\text.hpp(210): note: see declaration of 'sf::Text::setColor'
c:\users\doubl\desktop\projeto onariman\onariman\onariman\menu.cpp(38): warning C4996: 'sf::Text::setColor': was declared deprecated
  c:\users\doubl\desktop\projeto onariman\external libraries\sfml\include\sfml\graphics\text.hpp(210): note: see declaration of 'sf::Text::setColor'
c:\users\doubl\desktop\projeto onariman\onariman\onariman\menu.cpp(69): warning C4996: 'sf::Text::setColor': was declared deprecated
  c:\users\doubl\desktop\projeto onariman\external libraries\sfml\include\sfml\graphics\text.hpp(210): note: see declaration of 'sf::Text::setColor'
c:\users\doubl\desktop\projeto onariman\onariman\onariman\menu.cpp(71): warning C4996: 'sf::Text::setColor': was declared deprecated
  c:\users\doubl\desktop\projeto onariman\external libraries\sfml\include\sfml\graphics\text.hpp(210): note: see declaration of 'sf::Text::setColor'
c:\users\doubl\desktop\projeto onariman\onariman\onariman\menu.cpp(79): warning C4996: 'sf::Text::setColor': was declared deprecated
  c:\users\doubl\desktop\projeto onariman\external libraries\sfml\include\sfml\graphics\text.hpp(210): note: see declaration of 'sf::Text::setColor'
c:\users\doubl\desktop\projeto onariman\onariman\onariman\menu.cpp(81): warning C4996: 'sf::Text::setColor': was declared deprecated
  c:\users\doubl\desktop\projeto onariman\external libraries\sfml\include\sfml\graphics\text.hpp(210): note: see declaration of 'sf::Text::setColor'
  Generating Code...
  Skipping... (no relevant changes detected)
  Pause.cpp
  Onariman.vcxproj -> C:\Users\doubl\Desktop\Projeto OnariMan\Onariman\Debug\Onariman.exe
  Onariman.vcxproj -> C:\Users\doubl\Desktop\Projeto OnariMan\Onariman\Debug\Onariman.pdb (Partial PDB)
